<?xml version="1.0" encoding="UTF-8"?>
<!-- Generated by org.testng.reporters.JUnitXMLReporter -->
<testsuite ignored="0" hostname="DESKTOP-QA9T83L" failures="0" tests="1" name="Test-Runner-2" time="13.918" errors="0" timestamp="2025-03-05T15:23:00 IST">
  <testcase classname="inventoryTests.AddLowestPriceproductToCartTest" name="tc_002_AddLowestPriceproductToCartTest" time="2.777"/>
</testsuite> <!-- Test-Runner-2 -->
