<?xml version="1.0" encoding="UTF-8"?>
<!-- Generated by org.testng.reporters.JUnitXMLReporter -->
<testsuite ignored="0" hostname="DESKTOP-QA9T83L" failures="0" tests="1" name="Test-Runner-Firefox" time="12.882" errors="0" timestamp="2025-03-07T14:26:08 IST">
  <testcase classname="inventoryTests.AddLowestPriceproductToCartTest" name="tc_002_AddLowestPriceproductToCartTest" time="2.091"/>
</testsuite> <!-- Test-Runner-Firefox -->
