<?xml version="1.0" encoding="UTF-8"?>
<!-- Generated by org.testng.reporters.JUnitXMLReporter -->
<testsuite ignored="0" hostname="DESKTOP-QA9T83L" failures="0" tests="1" name="Test-Runner-1" time="13.896" errors="0" timestamp="2025-03-05T15:23:00 IST">
  <testcase classname="inventoryTests.AddProductToCartTest" name="tc_001_addproductToCart" time="2.177"/>
</testsuite> <!-- Test-Runner-1 -->
