<?xml version="1.0" encoding="UTF-8"?>
<!-- Generated by org.testng.reporters.JUnitReportReporter -->
<testsuite hostname="DESKTOP-QA9T83L" failures="0" tests="1" name="inventoryTests.AddProductToCartTest" time="2.794" errors="0" timestamp="2025-03-14T14:48:58 IST" skipped="0">
  <testcase classname="inventoryTests.AddProductToCartTest" name="tc_001_addproductToCart" time="2.794"/>
</testsuite> <!-- inventoryTests.AddProductToCartTest -->
