<?xml version="1.0" encoding="UTF-8"?>
<!-- Generated by org.testng.reporters.JUnitReportReporter -->
<testsuite hostname="DESKTOP-QA9T83L" failures="0" tests="6" name="practice.Priority_Invocation_Enabled" time="0.025" errors="0" timestamp="2025-03-02T12:47:46 IST" skipped="0">
  <testcase classname="practice.Priority_Invocation_Enabled" name="demo2" time="0.002"/>
  <testcase classname="practice.Priority_Invocation_Enabled" name="demo2" time="0.004"/>
  <testcase classname="practice.Priority_Invocation_Enabled" name="demo2" time="0.012"/>
  <testcase classname="practice.Priority_Invocation_Enabled" name="demo2" time="0.003"/>
  <testcase classname="practice.Priority_Invocation_Enabled" name="demo1" time="0.002"/>
  <testcase classname="practice.Priority_Invocation_Enabled" name="demo1" time="0.002"/>
</testsuite> <!-- practice.Priority_Invocation_Enabled -->
